Replace Part AC1 BNO085 in A:\Desktop\Doshisha\DERC\tanekonsat2022_runback\altium\tanekonsat2022_auto\IMU_Motor.SchDoc with BNO085 from SamacSys.IntLib
Replace Part C13 Capacitor in A:\Desktop\Doshisha\DERC\tanekonsat2022_runback\altium\tanekonsat2022_auto\IMU_Motor.SchDoc with Capacitor from Simulation Generic Components.IntLib
Replace Part C14 Capacitor in A:\Desktop\Doshisha\DERC\tanekonsat2022_runback\altium\tanekonsat2022_auto\IMU_Motor.SchDoc with Capacitor from Simulation Generic Components.IntLib
Replace Part C15 Capacitor in A:\Desktop\Doshisha\DERC\tanekonsat2022_runback\altium\tanekonsat2022_auto\IMU_Motor.SchDoc with Capacitor from Simulation Generic Components.IntLib
Replace Part C16 Capacitor in A:\Desktop\Doshisha\DERC\tanekonsat2022_runback\altium\tanekonsat2022_auto\IMU_Motor.SchDoc with Capacitor from Simulation Generic Components.IntLib
Replace Part C17 Capacitor in A:\Desktop\Doshisha\DERC\tanekonsat2022_runback\altium\tanekonsat2022_auto\IMU_Motor.SchDoc with Capacitor from Simulation Generic Components.IntLib
Replace Part IC3 TB67H450FNG,EL in A:\Desktop\Doshisha\DERC\tanekonsat2022_runback\altium\tanekonsat2022_auto\IMU_Motor.SchDoc with TB67H450FNG,EL from SamacSys.IntLib
Replace Part IC4 TB67H450FNG,EL in A:\Desktop\Doshisha\DERC\tanekonsat2022_runback\altium\tanekonsat2022_auto\IMU_Motor.SchDoc with TB67H450FNG,EL from SamacSys.IntLib
Replace Part J2 PinHeader_2.0_4_SMD in A:\Desktop\Doshisha\DERC\tanekonsat2022_runback\altium\tanekonsat2022_auto\IMU_Motor.SchDoc with PinHeader_2.0_4_SMD from tanekonsat_lib.IntLib
Replace Part J3 PinHeader_2.0_4_SMD in A:\Desktop\Doshisha\DERC\tanekonsat2022_runback\altium\tanekonsat2022_auto\IMU_Motor.SchDoc with PinHeader_2.0_4_SMD from tanekonsat_lib.IntLib
Replace Part J4 PinHeader_2.0_4_SMD in A:\Desktop\Doshisha\DERC\tanekonsat2022_runback\altium\tanekonsat2022_auto\IMU_Motor.SchDoc with PinHeader_2.0_4_SMD from tanekonsat_lib.IntLib
Replace Part J5 PinHeader_2.0_5_SMD in A:\Desktop\Doshisha\DERC\tanekonsat2022_runback\altium\tanekonsat2022_auto\IMU_Motor.SchDoc with PinHeader_2.0_5_SMD from tanekonsat_lib.IntLib
Replace Part J6 PinHeader_2.0_2_SMD in A:\Desktop\Doshisha\DERC\tanekonsat2022_runback\altium\tanekonsat2022_auto\IMU_Motor.SchDoc with PinHeader_2.0_2_SMD from tanekonsat_lib.IntLib
Replace Part J7 PinHeader_2.0_2_SMD in A:\Desktop\Doshisha\DERC\tanekonsat2022_runback\altium\tanekonsat2022_auto\IMU_Motor.SchDoc with PinHeader_2.0_2_SMD from tanekonsat_lib.IntLib
Replace Part R8 Resistor in A:\Desktop\Doshisha\DERC\tanekonsat2022_runback\altium\tanekonsat2022_auto\IMU_Motor.SchDoc with Resistor from Simulation Generic Components.IntLib
Replace Part R9 Resistor in A:\Desktop\Doshisha\DERC\tanekonsat2022_runback\altium\tanekonsat2022_auto\IMU_Motor.SchDoc with Resistor from Simulation Generic Components.IntLib
Replace Part R10 Resistor in A:\Desktop\Doshisha\DERC\tanekonsat2022_runback\altium\tanekonsat2022_auto\IMU_Motor.SchDoc with Resistor from Simulation Generic Components.IntLib
Replace Part R11 Resistor in A:\Desktop\Doshisha\DERC\tanekonsat2022_runback\altium\tanekonsat2022_auto\IMU_Motor.SchDoc with Resistor from Simulation Generic Components.IntLib
Replace Part R12 Resistor in A:\Desktop\Doshisha\DERC\tanekonsat2022_runback\altium\tanekonsat2022_auto\IMU_Motor.SchDoc with Resistor from Simulation Generic Components.IntLib
Update Managed Component Y2 From CMP-2100-03637-1[FC-135] To CMP-2100-03637-1[FC-135] in IMU_Motor.SchDoc
