Replace Part C18 Capacitor in A:\Desktop\Doshisha\DERC\tanekonsat2022_runback\altium\tanekonsat2022_auto\Power_Nichrome.SchDoc with Capacitor from Simulation Generic Components.IntLib
Replace Part C19 Capacitor in A:\Desktop\Doshisha\DERC\tanekonsat2022_runback\altium\tanekonsat2022_auto\Power_Nichrome.SchDoc with Capacitor from Simulation Generic Components.IntLib
Replace Part C20 Capacitor in A:\Desktop\Doshisha\DERC\tanekonsat2022_runback\altium\tanekonsat2022_auto\Power_Nichrome.SchDoc with Capacitor from Simulation Generic Components.IntLib
Replace Part C21 Capacitor in A:\Desktop\Doshisha\DERC\tanekonsat2022_runback\altium\tanekonsat2022_auto\Power_Nichrome.SchDoc with Capacitor from Simulation Generic Components.IntLib
Replace Part C22 Capacitor in A:\Desktop\Doshisha\DERC\tanekonsat2022_runback\altium\tanekonsat2022_auto\Power_Nichrome.SchDoc with Capacitor from Simulation Generic Components.IntLib
Replace Part C23 Capacitor in A:\Desktop\Doshisha\DERC\tanekonsat2022_runback\altium\tanekonsat2022_auto\Power_Nichrome.SchDoc with Capacitor from Simulation Generic Components.IntLib
Replace Part C24 Capacitor in A:\Desktop\Doshisha\DERC\tanekonsat2022_runback\altium\tanekonsat2022_auto\Power_Nichrome.SchDoc with Capacitor from Simulation Generic Components.IntLib
Replace Part C25 Capacitor in A:\Desktop\Doshisha\DERC\tanekonsat2022_runback\altium\tanekonsat2022_auto\Power_Nichrome.SchDoc with Capacitor from Simulation Generic Components.IntLib
Update Managed Component D1 From CMP-2000-04932-2[1N4148W-7-F] To CMP-2000-04932-2[1N4148W-7-F] in Power_Nichrome.SchDoc
Update Managed Component DS2 From CMP-0404-00001-1[KP-1608MGC] To CMP-0404-00001-1[KP-1608MGC] in Power_Nichrome.SchDoc
Replace Part IC5 S-89431ACMC-HBVT2U in A:\Desktop\Doshisha\DERC\tanekonsat2022_runback\altium\tanekonsat2022_auto\Power_Nichrome.SchDoc with S-89431ACMC-HBVT2U from SamacSys.IntLib
Replace Part IC6 NJM2884-U1-33 in A:\Desktop\Doshisha\DERC\tanekonsat2022_runback\altium\tanekonsat2022_auto\Power_Nichrome.SchDoc with NJM2884-U1-33 from tanekonsat_lib.IntLib
Replace Part J8 JST_PH_3_SideEntry in A:\Desktop\Doshisha\DERC\tanekonsat2022_runback\altium\tanekonsat2022_auto\Power_Nichrome.SchDoc with JST_PH_3_SideEntry from tanekonsat_lib.IntLib
Replace Part J9 PinHeader_2.0_2_SMD in A:\Desktop\Doshisha\DERC\tanekonsat2022_runback\altium\tanekonsat2022_auto\Power_Nichrome.SchDoc with PinHeader_2.0_2_SMD from tanekonsat_lib.IntLib
Replace Part J10 PinHeader_2.0_2_SMD in A:\Desktop\Doshisha\DERC\tanekonsat2022_runback\altium\tanekonsat2022_auto\Power_Nichrome.SchDoc with PinHeader_2.0_2_SMD from tanekonsat_lib.IntLib
Replace Part Q1 IRFML8244TRPBF in A:\Desktop\Doshisha\DERC\tanekonsat2022_runback\altium\tanekonsat2022_auto\Power_Nichrome.SchDoc with IRFML8244TRPBF from SamacSys.IntLib
Replace Part Q2 IRFML8244TRPBF in A:\Desktop\Doshisha\DERC\tanekonsat2022_runback\altium\tanekonsat2022_auto\Power_Nichrome.SchDoc with IRFML8244TRPBF from SamacSys.IntLib
Replace Part Q3 IRFML8244TRPBF in A:\Desktop\Doshisha\DERC\tanekonsat2022_runback\altium\tanekonsat2022_auto\Power_Nichrome.SchDoc with IRFML8244TRPBF from SamacSys.IntLib
Replace Part Q4 IRFML8244TRPBF in A:\Desktop\Doshisha\DERC\tanekonsat2022_runback\altium\tanekonsat2022_auto\Power_Nichrome.SchDoc with IRFML8244TRPBF from SamacSys.IntLib
Replace Part R13 Resistor in A:\Desktop\Doshisha\DERC\tanekonsat2022_runback\altium\tanekonsat2022_auto\Power_Nichrome.SchDoc with Resistor from Simulation Generic Components.IntLib
Replace Part R14 Resistor in A:\Desktop\Doshisha\DERC\tanekonsat2022_runback\altium\tanekonsat2022_auto\Power_Nichrome.SchDoc with Resistor from Simulation Generic Components.IntLib
Replace Part R15 Resistor in A:\Desktop\Doshisha\DERC\tanekonsat2022_runback\altium\tanekonsat2022_auto\Power_Nichrome.SchDoc with Resistor from Simulation Generic Components.IntLib
Replace Part R16 Resistor in A:\Desktop\Doshisha\DERC\tanekonsat2022_runback\altium\tanekonsat2022_auto\Power_Nichrome.SchDoc with Resistor from Simulation Generic Components.IntLib
Replace Part R17 Resistor in A:\Desktop\Doshisha\DERC\tanekonsat2022_runback\altium\tanekonsat2022_auto\Power_Nichrome.SchDoc with Resistor from Simulation Generic Components.IntLib
Update Managed Component R18 From CMP-2003-00786-2[ERJ8CWFR010V] To CMP-2003-00786-2[ERJ8CWFR010V] in Power_Nichrome.SchDoc
Replace Part R19 Resistor in A:\Desktop\Doshisha\DERC\tanekonsat2022_runback\altium\tanekonsat2022_auto\Power_Nichrome.SchDoc with Resistor from Simulation Generic Components.IntLib
Replace Part R20 Resistor in A:\Desktop\Doshisha\DERC\tanekonsat2022_runback\altium\tanekonsat2022_auto\Power_Nichrome.SchDoc with Resistor from Simulation Generic Components.IntLib
Replace Part R21 Resistor in A:\Desktop\Doshisha\DERC\tanekonsat2022_runback\altium\tanekonsat2022_auto\Power_Nichrome.SchDoc with Resistor from Simulation Generic Components.IntLib
Replace Part R22 Resistor in A:\Desktop\Doshisha\DERC\tanekonsat2022_runback\altium\tanekonsat2022_auto\Power_Nichrome.SchDoc with Resistor from Simulation Generic Components.IntLib
Replace Part R23 Resistor in A:\Desktop\Doshisha\DERC\tanekonsat2022_runback\altium\tanekonsat2022_auto\Power_Nichrome.SchDoc with Resistor from Simulation Generic Components.IntLib
Replace Part R24 Resistor in A:\Desktop\Doshisha\DERC\tanekonsat2022_runback\altium\tanekonsat2022_auto\Power_Nichrome.SchDoc with Resistor from Simulation Generic Components.IntLib
Replace Part R25 Resistor in A:\Desktop\Doshisha\DERC\tanekonsat2022_runback\altium\tanekonsat2022_auto\Power_Nichrome.SchDoc with Resistor from Simulation Generic Components.IntLib
Replace Part S3 SSAJ120100 in A:\Desktop\Doshisha\DERC\tanekonsat2022_runback\altium\tanekonsat2022_auto\Power_Nichrome.SchDoc with SSAJ120100 from SamacSys.IntLib
Update Managed Component U3 From CMP-0359-01868-2[LT6106HS5#TRMPBF] To CMP-0359-01868-2[LT6106HS5#TRMPBF] in Power_Nichrome.SchDoc
