Replace Part C1 Capacitor in A:\Desktop\Doshisha\DERC\tanekonsat2022_runback\altium\tanekonsat2022_auto\RP2040_Conn.SchDoc with Capacitor from Simulation Generic Components.IntLib
Replace Part C2 Capacitor in A:\Desktop\Doshisha\DERC\tanekonsat2022_runback\altium\tanekonsat2022_auto\RP2040_Conn.SchDoc with Capacitor from Simulation Generic Components.IntLib
Replace Part C3 Capacitor in A:\Desktop\Doshisha\DERC\tanekonsat2022_runback\altium\tanekonsat2022_auto\RP2040_Conn.SchDoc with Capacitor from Simulation Generic Components.IntLib
Replace Part C4 Capacitor in A:\Desktop\Doshisha\DERC\tanekonsat2022_runback\altium\tanekonsat2022_auto\RP2040_Conn.SchDoc with Capacitor from Simulation Generic Components.IntLib
Replace Part C5 Capacitor in A:\Desktop\Doshisha\DERC\tanekonsat2022_runback\altium\tanekonsat2022_auto\RP2040_Conn.SchDoc with Capacitor from Simulation Generic Components.IntLib
Replace Part C6 Capacitor in A:\Desktop\Doshisha\DERC\tanekonsat2022_runback\altium\tanekonsat2022_auto\RP2040_Conn.SchDoc with Capacitor from Simulation Generic Components.IntLib
Replace Part C7 Capacitor in A:\Desktop\Doshisha\DERC\tanekonsat2022_runback\altium\tanekonsat2022_auto\RP2040_Conn.SchDoc with Capacitor from Simulation Generic Components.IntLib
Replace Part C8 Capacitor in A:\Desktop\Doshisha\DERC\tanekonsat2022_runback\altium\tanekonsat2022_auto\RP2040_Conn.SchDoc with Capacitor from Simulation Generic Components.IntLib
Replace Part C9 Capacitor in A:\Desktop\Doshisha\DERC\tanekonsat2022_runback\altium\tanekonsat2022_auto\RP2040_Conn.SchDoc with Capacitor from Simulation Generic Components.IntLib
Replace Part C10 Capacitor in A:\Desktop\Doshisha\DERC\tanekonsat2022_runback\altium\tanekonsat2022_auto\RP2040_Conn.SchDoc with Capacitor from Simulation Generic Components.IntLib
Replace Part C11 Capacitor in A:\Desktop\Doshisha\DERC\tanekonsat2022_runback\altium\tanekonsat2022_auto\RP2040_Conn.SchDoc with Capacitor from Simulation Generic Components.IntLib
Replace Part C12 Capacitor in A:\Desktop\Doshisha\DERC\tanekonsat2022_runback\altium\tanekonsat2022_auto\RP2040_Conn.SchDoc with Capacitor from Simulation Generic Components.IntLib
Update Managed Component DS1 From CMP-0404-00001-1[KP-1608MGC] To CMP-0404-00001-1[KP-1608MGC] in RP2040_Conn.SchDoc
Replace Part IC1 RP2040 in A:\Desktop\Doshisha\DERC\tanekonsat2022_runback\altium\tanekonsat2022_auto\RP2040_Conn.SchDoc with RP2040 from SamacSys.IntLib
Replace Part IC2 W25Q128JVSIQ in A:\Desktop\Doshisha\DERC\tanekonsat2022_runback\altium\tanekonsat2022_auto\RP2040_Conn.SchDoc with W25Q128JVSIQ from SamacSys.IntLib
Replace Part J1 PinHeader_0.65_3_Half in A:\Desktop\Doshisha\DERC\tanekonsat2022_runback\altium\tanekonsat2022_auto\RP2040_Conn.SchDoc with PinHeader_0.65_3_Half from tanekonsat_lib.IntLib
Replace Part R1 Resistor in A:\Desktop\Doshisha\DERC\tanekonsat2022_runback\altium\tanekonsat2022_auto\RP2040_Conn.SchDoc with Resistor from Simulation Generic Components.IntLib
Replace Part R2 Resistor in A:\Desktop\Doshisha\DERC\tanekonsat2022_runback\altium\tanekonsat2022_auto\RP2040_Conn.SchDoc with Resistor from Simulation Generic Components.IntLib
Replace Part R3 Resistor in A:\Desktop\Doshisha\DERC\tanekonsat2022_runback\altium\tanekonsat2022_auto\RP2040_Conn.SchDoc with Resistor from Simulation Generic Components.IntLib
Replace Part R4 Resistor in A:\Desktop\Doshisha\DERC\tanekonsat2022_runback\altium\tanekonsat2022_auto\RP2040_Conn.SchDoc with Resistor from Simulation Generic Components.IntLib
Replace Part R5 Resistor in A:\Desktop\Doshisha\DERC\tanekonsat2022_runback\altium\tanekonsat2022_auto\RP2040_Conn.SchDoc with Resistor from Simulation Generic Components.IntLib
Replace Part R6 Resistor in A:\Desktop\Doshisha\DERC\tanekonsat2022_runback\altium\tanekonsat2022_auto\RP2040_Conn.SchDoc with Resistor from Simulation Generic Components.IntLib
Replace Part R7 Resistor in A:\Desktop\Doshisha\DERC\tanekonsat2022_runback\altium\tanekonsat2022_auto\RP2040_Conn.SchDoc with Resistor from Simulation Generic Components.IntLib
Replace Part S1 SKRPACE010 in A:\Desktop\Doshisha\DERC\tanekonsat2022_runback\altium\tanekonsat2022_auto\RP2040_Conn.SchDoc with SKRPACE010 from SamacSys.IntLib
Replace Part S2 SKRPACE010 in A:\Desktop\Doshisha\DERC\tanekonsat2022_runback\altium\tanekonsat2022_auto\RP2040_Conn.SchDoc with SKRPACE010 from SamacSys.IntLib
Replace Part U1 USB_C_5077CR-16SMC2-BK-TR in A:\Desktop\Doshisha\DERC\tanekonsat2022_runback\altium\tanekonsat2022_auto\RP2040_Conn.SchDoc with USB_C_5077CR-16SMC2-BK-TR from tanekonsat_lib.IntLib
Replace Part Y1 SIT2001BI-S2-33E-12.000000D in A:\Desktop\Doshisha\DERC\tanekonsat2022_runback\altium\tanekonsat2022_auto\RP2040_Conn.SchDoc with SIT2001BI-S2-33E-12.000000D from SamacSys.IntLib
